Suite/Test/Step Name,Browser,Description,Tag,Start time,End time,Duration,Status
Test cloud 1,,Testing on test cloud katalon,,07-04-2024 15:34:56,07-04-2024 15:34:58,1.793s,FAILED
,,,,,,,
Test Cases/Web UI/E-commerce (Swag Labs)/Login/Positive/Correct credentials,,Verify user can login using correct credentials,,07-04-2024 15:34:57,07-04-2024 15:34:58,0.123s,FAILED
"openBrowser("""")",,,,07-04-2024 15:34:57,07-04-2024 15:34:58,0.108s,FAILED
