<?xml version="1.0" encoding="UTF-8"?>
<testsuites name="Test cloud 1" time="7.789" tests="1" failures="0" errors="0">
   <testsuite name="Test cloud 1" tests="1" failures="0" errors="0" time="7.789" skipped="0" timestamp="07-04-2024T15:34:23" hostname="tan - LOQ15" id="Test Suites/Test cloud 1">
      <properties>
         <property name="deviceName" value=""/>
         <property name="devicePlatform" value=""/>
         <property name="logFolder" value="C:\\Users\\tan\\git\\Katalon-Practice\\Reports\\20240407_153420\\Test cloud 1\\20240407_153420"/>
         <property name="logFiles" value="C:\\Users\\tan\\git\\Katalon-Practice\\Reports\\20240407_153420\\Test cloud 1\\20240407_153420\\execution0.log"/>
         <property name="attachments" value=""/>
         <property name="hostName" value="tan - LOQ15"/>
         <property name="os" value="Windows 11 64bit"/>
         <property name="katalonVersion" value="9.4.0.212"/>
         <property name="browser" value="Firefox 124.0"/>
         <property name="hostAddress" value="192.168.1.8"/>
         <property name="sessionId" value="e286aa7d-e1a7-4c6a-9b42-5e892a335ae4"/>
         <property name="seleniumVersion" value="3.141.59"/>
         <property name="proxyInformation" value="ProxyInformation { proxyOption=NO_PROXY, proxyServerType=HTTP, username=, password=********, proxyServerAddress=, proxyServerPort=0, executionList=&quot;&quot;, isApplyToDesiredCapabilities=true }"/>
         <property name="platform" value="Windows 11"/>
      </properties>
      <testcase name="Test Cases/Web UI/E-commerce (Swag Labs)/Login/Positive/Correct credentials" time="7.622" classname="Test Cases/Web UI/E-commerce (Swag Labs)/Login/Positive/Correct credentials" status="PASSED">
         <system-out><![CDATA[07-04-2024T15:34:23 - [TEST_CASE][PASSED] - Test Cases/Web UI/E-commerce (Swag Labs)/Login/Positive/Correct credentials: Test Cases/Web UI/E-commerce (Swag Labs)/Login/Positive/Correct credentials

07-04-2024T15:34:24 - [TEST_STEP][PASSED] - openBrowser(""): Browser is opened with url: ''

07-04-2024T15:34:24 - [MESSAGE][INFO] - Starting 'Firefox (headless)' driver

07-04-2024T15:34:24 - [MESSAGE][INFO] - Action delay is set to 0 milliseconds

07-04-2024T15:34:26 - [MESSAGE][PASSED] - Browser is opened with url: ''

07-04-2024T15:34:26 - [TEST_STEP][PASSED] - navigateToUrl("https://www.saucedemo.com/"): Navigate to 'https://www.saucedemo.com/' successfully

07-04-2024T15:34:27 - [MESSAGE][PASSED] - Navigate to 'https://www.saucedemo.com/' successfully

07-04-2024T15:34:27 - [TEST_STEP][PASSED] - click(findTestObject("Object Repository/Page_Swag Labs/Login_page/input_Swag Labs_user-name")): Object: 'Object Repository/Page_Swag Labs/Login_page/input_Swag Labs_user-name' is clicked on

07-04-2024T15:34:27 - [MESSAGE][PASSED] - Object: 'Object Repository/Page_Swag Labs/Login_page/input_Swag Labs_user-name' is clicked on

07-04-2024T15:34:27 - [TEST_STEP][PASSED] - setText(findTestObject("Object Repository/Page_Swag Labs/Login_page/input_Swag Labs_user-name"), username): Text 'standard_user' is set on object 'Object Repository/Page_Swag Labs/Login_page/input_Swag Labs_user-name'

07-04-2024T15:34:28 - [MESSAGE][PASSED] - Text 'standard_user' is set on object 'Object Repository/Page_Swag Labs/Login_page/input_Swag Labs_user-name'

07-04-2024T15:34:28 - [TEST_STEP][PASSED] - click(findTestObject("Page_Swag Labs/Login_page/input_Swag Labs_password")): Object: 'Object Repository/Page_Swag Labs/Login_page/input_Swag Labs_password' is clicked on

07-04-2024T15:34:28 - [MESSAGE][PASSED] - Object: 'Object Repository/Page_Swag Labs/Login_page/input_Swag Labs_password' is clicked on

07-04-2024T15:34:28 - [TEST_STEP][PASSED] - setText(findTestObject("Object Repository/Page_Swag Labs/Login_page/input_Swag Labs_password"), password): Text 'secret_sauce' is set on object 'Object Repository/Page_Swag Labs/Login_page/input_Swag Labs_password'

07-04-2024T15:34:28 - [MESSAGE][PASSED] - Text 'secret_sauce' is set on object 'Object Repository/Page_Swag Labs/Login_page/input_Swag Labs_password'

07-04-2024T15:34:28 - [TEST_STEP][PASSED] - click(findTestObject("Object Repository/Page_Swag Labs/Login_page/input_Swag Labs_login-button")): Object: 'Object Repository/Page_Swag Labs/Login_page/input_Swag Labs_login-button' is clicked on

07-04-2024T15:34:28 - [MESSAGE][PASSED] - Object: 'Object Repository/Page_Swag Labs/Login_page/input_Swag Labs_login-button' is clicked on

07-04-2024T15:34:28 - [TEST_STEP][PASSED] - verifyElementPresent(findTestObject("Page_Swag Labs/span_Products"), 0): Object 'Object Repository/Page_Swag Labs/span_Products' is present

07-04-2024T15:34:28 - [MESSAGE][WARNING] - Timeout '0' is invalid. Using default page load timeout: '30'

07-04-2024T15:34:28 - [MESSAGE][PASSED] - Object 'Object Repository/Page_Swag Labs/span_Products' is present

07-04-2024T15:34:28 - [TEST_STEP][PASSED] - closeBrowser(): Browser is closed

07-04-2024T15:34:31 - [MESSAGE][PASSED] - Browser is closed]]></system-out>
         <system-err><![CDATA[]]></system-err>
      </testcase>
      <system-out><![CDATA[07-04-2024T15:34:23 - [TEST_SUITE][PASSED] - Test cloud 1: Test Cases/Web UI/E-commerce (Swag Labs)/Login/Positive/Correct credentials]]></system-out>
      <system-err><![CDATA[]]></system-err>
   </testsuite>
</testsuites>
